<?xml version="1.0" encoding="UTF-8"?>
<!-- Generated by org.testng.reporters.JUnitXMLReporter -->
<testsuite hostname="GLUO-QA--Saurabh-Jain" name="TC003_Sorting" tests="1" failures="1" timestamp="15 May 2016 18:21:34 GMT" time="33.264" errors="0">
  <testcase name="test" time="29.136" classname="com.org.InforcePro.brokerui.testcases.TC003_Sorting">
    <failure type="java.lang.AssertionError" message="Policy Number contains String also, cannot be sorted expected [true] but found [false]">
      <![CDATA[java.lang.AssertionError: Policy Number contains String also, cannot be sorted expected [true] but found [false]
	at com.org.InforcePro.brokerui.testcases.TC003_Sorting.test(TC003_Sorting.java:95)
... Removed 26 stack frames]]>
    </failure>
  </testcase> <!-- test -->
</testsuite> <!-- TC003_Sorting -->
